<?xml version="1.0" encoding="UTF-8"?>
<!-- Generated by org.testng.reporters.JUnitReportReporter -->
<testsuite hostname="DESKTOP-G25F7V2" failures="0" tests="1" name="testcases.Accountregtest" time="2.921" errors="0" timestamp="2023-03-25T11:17:04 IST" skipped="0">
  <testcase classname="testcases.Accountregtest" name="test_Accountregtest" time="2.921"/>
  <system-out/>
</testsuite> <!-- testcases.Accountregtest -->
