<?xml version="1.0" encoding="UTF-8"?>
<!-- Generated by org.testng.reporters.JUnitReportReporter -->
<testsuite hostname="DESKTOP-G25F7V2" failures="0" tests="1" name="testcases.Logintest" time="7.513" errors="0" timestamp="2023-03-25T17:56:44 IST" skipped="0">
  <testcase classname="testcases.Logintest" name="logintest" time="7.513"/>
  <system-out/>
</testsuite> <!-- testcases.Logintest -->
