<?xml version="1.0" encoding="UTF-8"?>
<!-- Generated by org.testng.reporters.JUnitReportReporter -->
<testsuite hostname="DESKTOP-G25F7V2" failures="0" tests="5" name="testcases.LogintDDT" time="40.275" errors="0" timestamp="2023-03-25T16:22:40 IST" skipped="0">
  <testcase classname="testcases.LogintDDT" name="loginddt" time="5.304"/>
  <system-out/>
  <testcase classname="testcases.LogintDDT" name="loginddt" time="10.994"/>
  <system-out/>
  <testcase classname="testcases.LogintDDT" name="loginddt" time="7.268"/>
  <system-out/>
  <testcase classname="testcases.LogintDDT" name="loginddt" time="5.541"/>
  <system-out/>
  <testcase classname="testcases.LogintDDT" name="loginddt" time="11.168"/>
  <system-out/>
</testsuite> <!-- testcases.LogintDDT -->
