<?xml version="1.0" encoding="UTF-8"?>
<!-- Generated by org.testng.reporters.JUnitReportReporter -->
<testsuite hostname="DESKTOP-G25F7V2" failures="0" tests="1" name="testcases.Acc" time="3.265" errors="0" timestamp="2023-03-25T18:03:48 IST" skipped="0">
  <testcase classname="testcases.Acc" name="test_accountregistration" time="3.265"/>
  <system-out/>
</testsuite> <!-- testcases.Acc -->
